[ 2016-07-30T02:08:24+08:00 ] 127.0.0.1 /myblog/index.php/index/hello/
INFO: [ app_init ] --START--
INFO: Run Behavior\BuildLiteBehavior [ RunTime:0.000009s ]
INFO: [ app_init ] --END-- [ RunTime:0.000271s ]
ERR: 无法加载模块:Index

[ 2016-07-30T02:11:38+08:00 ] 127.0.0.1 /myblog/index.php/index/hello2/
INFO: [ app_init ] --START--
INFO: Run Behavior\BuildLiteBehavior [ RunTime:0.000007s ]
INFO: [ app_init ] --END-- [ RunTime:0.000163s ]
ERR: 无法加载模块:Index

[ 2016-07-30T02:20:30+08:00 ] 127.0.0.1 /myblog/index.php/home-index-hello2
INFO: [ app_init ] --START--
INFO: Run Behavior\BuildLiteBehavior [ RunTime:0.000009s ]
INFO: [ app_init ] --END-- [ RunTime:0.000219s ]
ERR: 无法加载模块:Home-index-hello2

[ 2016-07-30T02:20:43+08:00 ] 127.0.0.1 /myblog/index.php/home-index-hello2
INFO: [ app_init ] --START--
INFO: Run Behavior\BuildLiteBehavior [ RunTime:0.000007s ]
INFO: [ app_init ] --END-- [ RunTime:0.000173s ]
ERR: 无法加载模块:Home-index-hello2

[ 2016-07-30T02:21:39+08:00 ] 127.0.0.1 /myblog/index.php/home-index-hello2
INFO: [ app_init ] --START--
INFO: Run Behavior\BuildLiteBehavior [ RunTime:0.000007s ]
INFO: [ app_init ] --END-- [ RunTime:0.000169s ]
ERR: 无法加载模块:Home-index-hello2

[ 2016-07-30T02:22:25+08:00 ] 127.0.0.1 /myblog/index.php/home-index-hello2
INFO: [ app_init ] --START--
INFO: Run Behavior\BuildLiteBehavior [ RunTime:0.000009s ]
INFO: [ app_init ] --END-- [ RunTime:0.000223s ]
ERR: 无法加载模块:Home-index-hello2

[ 2016-07-30T02:24:34+08:00 ] 127.0.0.1 /myblog/index.php/home-index-hello2
INFO: [ app_init ] --START--
INFO: Run Behavior\BuildLiteBehavior [ RunTime:0.000009s ]
INFO: [ app_init ] --END-- [ RunTime:0.000194s ]
ERR: 无法加载模块:Home-index-hello2

[ 2016-07-30T02:24:34+08:00 ] 127.0.0.1 /myblog/index.php/home-index-hello2
INFO: [ app_init ] --START--
INFO: Run Behavior\BuildLiteBehavior [ RunTime:0.000009s ]
INFO: [ app_init ] --END-- [ RunTime:0.000191s ]
ERR: 无法加载模块:Home-index-hello2

[ 2016-07-30T02:24:35+08:00 ] 127.0.0.1 /myblog/index.php/home-index-hello2
INFO: [ app_init ] --START--
INFO: Run Behavior\BuildLiteBehavior [ RunTime:0.000008s ]
INFO: [ app_init ] --END-- [ RunTime:0.000182s ]
ERR: 无法加载模块:Home-index-hello2

[ 2016-07-30T02:26:35+08:00 ] 127.0.0.1 /myblog/index.php/home-index-hello2
INFO: [ app_init ] --START--
INFO: Run Behavior\BuildLiteBehavior [ RunTime:0.000013s ]
INFO: [ app_init ] --END-- [ RunTime:0.000250s ]
ERR: 无法加载模块:Home-index-hello2

[ 2016-07-30T02:26:36+08:00 ] 127.0.0.1 /myblog/index.php/home-index-hello2
INFO: [ app_init ] --START--
INFO: Run Behavior\BuildLiteBehavior [ RunTime:0.000009s ]
INFO: [ app_init ] --END-- [ RunTime:0.000186s ]
ERR: 无法加载模块:Home-index-hello2

[ 2016-07-30T02:26:36+08:00 ] 127.0.0.1 /myblog/index.php/home-index-hello2
INFO: [ app_init ] --START--
INFO: Run Behavior\BuildLiteBehavior [ RunTime:0.000008s ]
INFO: [ app_init ] --END-- [ RunTime:0.000171s ]
ERR: 无法加载模块:Home-index-hello2

[ 2016-07-30T02:26:37+08:00 ] 127.0.0.1 /myblog/index.php/home-index-hello2
INFO: [ app_init ] --START--
INFO: Run Behavior\BuildLiteBehavior [ RunTime:0.000007s ]
INFO: [ app_init ] --END-- [ RunTime:0.000162s ]
ERR: 无法加载模块:Home-index-hello2

[ 2016-07-30T02:27:21+08:00 ] 127.0.0.1 /myblog/index.php/home-index-hello2
INFO: [ app_init ] --START--
INFO: Run Behavior\BuildLiteBehavior [ RunTime:0.000014s ]
INFO: [ app_init ] --END-- [ RunTime:0.000254s ]
ERR: 无法加载模块:Home-index-hello2

[ 2016-07-30T02:27:22+08:00 ] 127.0.0.1 /myblog/index.php/home-index-hello2
INFO: [ app_init ] --START--
INFO: Run Behavior\BuildLiteBehavior [ RunTime:0.000007s ]
INFO: [ app_init ] --END-- [ RunTime:0.000164s ]
ERR: 无法加载模块:Home-index-hello2

[ 2016-07-30T02:27:22+08:00 ] 127.0.0.1 /myblog/index.php/home-index-hello2
INFO: [ app_init ] --START--
INFO: Run Behavior\BuildLiteBehavior [ RunTime:0.000007s ]
INFO: [ app_init ] --END-- [ RunTime:0.000169s ]
ERR: 无法加载模块:Home-index-hello2

[ 2016-07-30T02:27:22+08:00 ] 127.0.0.1 /myblog/index.php/home-index-hello2
INFO: [ app_init ] --START--
INFO: Run Behavior\BuildLiteBehavior [ RunTime:0.000008s ]
INFO: [ app_init ] --END-- [ RunTime:0.000169s ]
ERR: 无法加载模块:Home-index-hello2

[ 2016-07-30T02:28:49+08:00 ] 127.0.0.1 /myblog/index.php/home-index-hello2
INFO: [ app_init ] --START--
INFO: Run Behavior\BuildLiteBehavior [ RunTime:0.000010s ]
INFO: [ app_init ] --END-- [ RunTime:0.000246s ]
ERR: 无法加载模块:Home-index-hello2

[ 2016-07-30T02:29:09+08:00 ] 127.0.0.1 /myblog/index.php/home-index-hello2
INFO: [ app_init ] --START--
INFO: Run Behavior\BuildLiteBehavior [ RunTime:0.000007s ]
INFO: [ app_init ] --END-- [ RunTime:0.000181s ]
ERR: 无法加载模块:Home-index-hello2

[ 2016-07-30T02:44:57+08:00 ] 127.0.0.1 /myblog/index.php/home-index-hello2
INFO: [ app_init ] --START--
INFO: Run Behavior\BuildLiteBehavior [ RunTime:0.000024s ]
INFO: [ app_init ] --END-- [ RunTime:0.000449s ]
ERR: 无法加载模块:Home-index-hello2

[ 2016-07-30T02:45:51+08:00 ] 127.0.0.1 /myblog/index.php/home-index-hello2
INFO: [ app_init ] --START--
INFO: Run Behavior\BuildLiteBehavior [ RunTime:0.000009s ]
INFO: [ app_init ] --END-- [ RunTime:0.000285s ]
ERR: 无法加载模块:Home-index-hello2

